Arguments: 
  /Users/yuvalpadova/.nvm/versions/node/v12.22.0/bin/node /Users/yuvalpadova/.yarn/bin/yarn.js init @vitejs/app react-vite

PATH: 
  /usr/local/opt/postgresql@10/bin:/usr/local/opt/postgresql@10/bin:/Users/yuvalpadova/.yarn/bin:/Users/yuvalpadova/.config/yarn/global/node_modules/.bin:/Users/yuvalpadova/.nvm/versions/node/v12.22.0/bin:/usr/local/bin:/usr/bin:/bin:/usr/sbin:/sbin:/Library/Apple/usr/bin:/usr/local/opt/postgresql@10/bin:/Users/yuvalpadova/.yarn/bin:/Users/yuvalpadova/.config/yarn/global/node_modules/.bin:/Users/yuvalpadova/.nvm/versions/node/v12.22.0/bin:/usr/local/opt/fzf/bin:/Users/yuvalpadova/Library/Android/sdk/platform-tools:/Users/yuvalpadova/.rvm/bin:/Applications/Visual Studio Code.app/Contents/Resources/app/bin:/Users/yuvalpadova/Library/Android/sdk/platform-tools:/Users/yuvalpadova/.rvm/bin:/Applications/Visual Studio Code.app/Contents/Resources/app/bin

Yarn version: 
  1.16.0

Node version: 
  12.22.0

Platform: 
  darwin x64

Trace: 
  Error: canceled
      at Interface.<anonymous> (/Users/yuvalpadova/.yarn/lib/cli.js:125850:13)
      at Interface.emit (events.js:314:20)
      at Interface._ttyWrite (readline.js:868:16)
      at ReadStream.onkeypress (readline.js:205:10)
      at ReadStream.emit (events.js:314:20)
      at emitKeys (internal/readline/utils.js:335:14)
      at emitKeys.next (<anonymous>)
      at ReadStream.onData (readline.js:1137:36)
      at ReadStream.emit (events.js:314:20)
      at addChunk (_stream_readable.js:297:12)

npm manifest: 
  No manifest

yarn manifest: 
  No manifest

Lockfile: 
  No lockfile
